----------------------------------------------------------------
Sat Jun 14 11:42:12 BST 2014:
Booting Derby version The Apache Software Foundation - Apache Derby - 10.9.1.0 - (1344872): instance a816c00e-0146-99f8-67b0-0000060c2d70 
on database directory /tmp/gfembed3592652936115011749tmp/lib/databases/embedded_default  with class loader sun.misc.Launcher$AppClassLoader@6bc7c054 
Loaded from file:/home/alfonso/.m2/repository/org/glassfish/main/extras/glassfish-embedded-all/4.0/glassfish-embedded-all-4.0.jar
java.vendor=Oracle Corporation
java.runtime.version=1.8.0_05-b13
user.dir=/home/alfonso/NetBeansProjects/bloogging.mvn/bloogging.mvn-ejb
derby.system.home=null
Database Class Loader started - derby.database.classpath=''
----------------------------------------------------------------
Sat Jun 14 11:42:25 BST 2014:
Booting Derby version The Apache Software Foundation - Apache Derby - 10.9.1.0 - (1344872): instance 05df4117-0146-99f8-67b0-0000060c2d70 
on database directory /tmp/gfembed5986107762269055700tmp/lib/databases/embedded_default  with class loader sun.misc.Launcher$AppClassLoader@6bc7c054 
Loaded from file:/home/alfonso/.m2/repository/org/glassfish/main/extras/glassfish-embedded-all/4.0/glassfish-embedded-all-4.0.jar
java.vendor=Oracle Corporation
java.runtime.version=1.8.0_05-b13
user.dir=/home/alfonso/NetBeansProjects/bloogging.mvn/bloogging.mvn-ejb
derby.system.home=null
Database Class Loader started - derby.database.classpath=''
